2023-09-05 00:29:46,721 ERROR root ScriptRunner.scriptThread api_client.py make_api_call : Error making API call: HTTPConnectionPool(host='apis', port=8080): Max retries exceeded with url: /preprocessing/ (Caused by NameResolutionError("<urllib3.connection.HTTPConnection object at 0x7fb6de7344c0>: Failed to resolve 'apis' ([Errno -3] Temporary failure in name resolution)"))
2023-09-05 00:30:24,789 ERROR root ScriptRunner.scriptThread api_client.py make_api_call : 'PREPROCESSING'
2023-09-05 00:30:24,789 ERROR root ScriptRunner.scriptThread api_client.py make_api_call : 'PREPROCESSING'
2023-09-05 00:30:53,062 ERROR root ScriptRunner.scriptThread api_client.py make_api_call : 'PREPROCESSING'
2023-09-05 00:30:53,062 ERROR root ScriptRunner.scriptThread api_client.py make_api_call : 'PREPROCESSING'
2023-09-05 00:30:53,062 ERROR root ScriptRunner.scriptThread api_client.py make_api_call : 'PREPROCESSING'
2023-09-05 00:31:11,274 ERROR root ScriptRunner.scriptThread api_client.py make_api_call : Error making API call: HTTPConnectionPool(host='apis', port=8080): Max retries exceeded with url: /preprocessing/ (Caused by NameResolutionError("<urllib3.connection.HTTPConnection object at 0x7fb6de6f5dc0>: Failed to resolve 'apis' ([Errno -3] Temporary failure in name resolution)"))
2023-09-05 00:31:11,274 ERROR root ScriptRunner.scriptThread api_client.py make_api_call : Error making API call: HTTPConnectionPool(host='apis', port=8080): Max retries exceeded with url: /preprocessing/ (Caused by NameResolutionError("<urllib3.connection.HTTPConnection object at 0x7fb6de6f5dc0>: Failed to resolve 'apis' ([Errno -3] Temporary failure in name resolution)"))
2023-09-05 00:31:11,274 ERROR root ScriptRunner.scriptThread api_client.py make_api_call : Error making API call: HTTPConnectionPool(host='apis', port=8080): Max retries exceeded with url: /preprocessing/ (Caused by NameResolutionError("<urllib3.connection.HTTPConnection object at 0x7fb6de6f5dc0>: Failed to resolve 'apis' ([Errno -3] Temporary failure in name resolution)"))
2023-09-05 00:31:21,281 ERROR root ScriptRunner.scriptThread api_client.py make_api_call : 'PREPROCESSING'
2023-09-05 00:31:21,281 ERROR root ScriptRunner.scriptThread api_client.py make_api_call : 'PREPROCESSING'
2023-09-05 00:31:21,281 ERROR root ScriptRunner.scriptThread api_client.py make_api_call : 'PREPROCESSING'
2023-09-05 00:31:31,253 ERROR root ScriptRunner.scriptThread api_client.py make_api_call : Error making API call: HTTPConnectionPool(host='apis', port=8080): Max retries exceeded with url: /preprocessing/ (Caused by NameResolutionError("<urllib3.connection.HTTPConnection object at 0x7fb6de6f4c10>: Failed to resolve 'apis' ([Errno -3] Temporary failure in name resolution)"))
2023-09-05 00:31:31,253 ERROR root ScriptRunner.scriptThread api_client.py make_api_call : Error making API call: HTTPConnectionPool(host='apis', port=8080): Max retries exceeded with url: /preprocessing/ (Caused by NameResolutionError("<urllib3.connection.HTTPConnection object at 0x7fb6de6f4c10>: Failed to resolve 'apis' ([Errno -3] Temporary failure in name resolution)"))
2023-09-05 00:31:31,253 ERROR root ScriptRunner.scriptThread api_client.py make_api_call : Error making API call: HTTPConnectionPool(host='apis', port=8080): Max retries exceeded with url: /preprocessing/ (Caused by NameResolutionError("<urllib3.connection.HTTPConnection object at 0x7fb6de6f4c10>: Failed to resolve 'apis' ([Errno -3] Temporary failure in name resolution)"))
2023-09-05 00:31:41,980 ERROR root ScriptRunner.scriptThread api_client.py make_api_call : Error making API call: HTTPConnectionPool(host='apis', port=8080): Max retries exceeded with url: /metrics/ (Caused by NameResolutionError("<urllib3.connection.HTTPConnection object at 0x7fb6de6f5610>: Failed to resolve 'apis' ([Errno -3] Temporary failure in name resolution)"))
2023-09-05 00:31:41,980 ERROR root ScriptRunner.scriptThread api_client.py make_api_call : Error making API call: HTTPConnectionPool(host='apis', port=8080): Max retries exceeded with url: /metrics/ (Caused by NameResolutionError("<urllib3.connection.HTTPConnection object at 0x7fb6de6f5610>: Failed to resolve 'apis' ([Errno -3] Temporary failure in name resolution)"))
2023-09-05 00:31:41,980 ERROR root ScriptRunner.scriptThread api_client.py make_api_call : Error making API call: HTTPConnectionPool(host='apis', port=8080): Max retries exceeded with url: /metrics/ (Caused by NameResolutionError("<urllib3.connection.HTTPConnection object at 0x7fb6de6f5610>: Failed to resolve 'apis' ([Errno -3] Temporary failure in name resolution)"))
2023-09-05 00:31:45,928 ERROR root ScriptRunner.scriptThread api_client.py make_api_call : 'PREPROCESSING'
2023-09-05 00:31:45,928 ERROR root ScriptRunner.scriptThread api_client.py make_api_call : 'PREPROCESSING'
2023-09-05 00:31:45,928 ERROR root ScriptRunner.scriptThread api_client.py make_api_call : 'PREPROCESSING'
2023-09-05 00:32:20,649 ERROR root ScriptRunner.scriptThread api_client.py make_api_call : 'map'
2023-09-05 00:32:20,649 ERROR root ScriptRunner.scriptThread api_client.py make_api_call : 'map'
2023-09-05 00:32:20,649 ERROR root ScriptRunner.scriptThread api_client.py make_api_call : 'map'
2023-09-05 00:32:23,010 ERROR root ScriptRunner.scriptThread api_client.py make_api_call : 'map'
2023-09-05 00:32:23,010 ERROR root ScriptRunner.scriptThread api_client.py make_api_call : 'map'
2023-09-05 00:32:23,010 ERROR root ScriptRunner.scriptThread api_client.py make_api_call : 'map'
2023-09-05 00:32:35,245 ERROR root ScriptRunner.scriptThread api_client.py make_api_call : 'PREPROCESSING'
2023-09-05 00:32:35,245 ERROR root ScriptRunner.scriptThread api_client.py make_api_call : 'PREPROCESSING'
2023-09-05 00:32:35,245 ERROR root ScriptRunner.scriptThread api_client.py make_api_call : 'PREPROCESSING'
2023-09-05 00:35:32,822 ERROR root ScriptRunner.scriptThread api_client.py make_api_call : 'PREPROCESSING'
2023-09-05 00:35:32,822 ERROR root ScriptRunner.scriptThread api_client.py make_api_call : 'PREPROCESSING'
2023-09-05 00:35:32,822 ERROR root ScriptRunner.scriptThread api_client.py make_api_call : 'PREPROCESSING'
2023-09-05 00:35:32,822 ERROR root ScriptRunner.scriptThread api_client.py make_api_call : 'PREPROCESSING'
2023-09-05 00:35:32,822 ERROR root ScriptRunner.scriptThread api_client.py make_api_call : 'PREPROCESSING'
2023-09-05 00:35:34,156 ERROR root ScriptRunner.scriptThread api_client.py make_api_call : 'PREPROCESSING'
2023-09-05 00:35:34,156 ERROR root ScriptRunner.scriptThread api_client.py make_api_call : 'PREPROCESSING'
2023-09-05 00:35:34,156 ERROR root ScriptRunner.scriptThread api_client.py make_api_call : 'PREPROCESSING'
2023-09-05 00:35:34,156 ERROR root ScriptRunner.scriptThread api_client.py make_api_call : 'PREPROCESSING'
2023-09-05 00:35:34,156 ERROR root ScriptRunner.scriptThread api_client.py make_api_call : 'PREPROCESSING'
2023-09-05 00:35:34,473 ERROR root ScriptRunner.scriptThread api_client.py make_api_call : 'PREPROCESSING'
2023-09-05 00:35:34,473 ERROR root ScriptRunner.scriptThread api_client.py make_api_call : 'PREPROCESSING'
2023-09-05 00:35:34,473 ERROR root ScriptRunner.scriptThread api_client.py make_api_call : 'PREPROCESSING'
2023-09-05 00:35:34,473 ERROR root ScriptRunner.scriptThread api_client.py make_api_call : 'PREPROCESSING'
2023-09-05 00:35:34,473 ERROR root ScriptRunner.scriptThread api_client.py make_api_call : 'PREPROCESSING'
2023-09-05 00:35:34,676 ERROR root ScriptRunner.scriptThread api_client.py make_api_call : 'PREPROCESSING'
2023-09-05 00:35:34,676 ERROR root ScriptRunner.scriptThread api_client.py make_api_call : 'PREPROCESSING'
2023-09-05 00:35:34,676 ERROR root ScriptRunner.scriptThread api_client.py make_api_call : 'PREPROCESSING'
2023-09-05 00:35:34,676 ERROR root ScriptRunner.scriptThread api_client.py make_api_call : 'PREPROCESSING'
2023-09-05 00:35:34,676 ERROR root ScriptRunner.scriptThread api_client.py make_api_call : 'PREPROCESSING'
2023-09-05 00:35:34,851 ERROR root ScriptRunner.scriptThread api_client.py make_api_call : 'PREPROCESSING'
2023-09-05 00:35:34,851 ERROR root ScriptRunner.scriptThread api_client.py make_api_call : 'PREPROCESSING'
2023-09-05 00:35:34,851 ERROR root ScriptRunner.scriptThread api_client.py make_api_call : 'PREPROCESSING'
2023-09-05 00:35:34,851 ERROR root ScriptRunner.scriptThread api_client.py make_api_call : 'PREPROCESSING'
2023-09-05 00:35:34,851 ERROR root ScriptRunner.scriptThread api_client.py make_api_call : 'PREPROCESSING'
2023-09-05 00:35:35,237 ERROR root ScriptRunner.scriptThread api_client.py make_api_call : 'PREPROCESSING'
2023-09-05 00:35:35,237 ERROR root ScriptRunner.scriptThread api_client.py make_api_call : 'PREPROCESSING'
2023-09-05 00:35:35,237 ERROR root ScriptRunner.scriptThread api_client.py make_api_call : 'PREPROCESSING'
2023-09-05 00:35:35,237 ERROR root ScriptRunner.scriptThread api_client.py make_api_call : 'PREPROCESSING'
2023-09-05 00:35:35,237 ERROR root ScriptRunner.scriptThread api_client.py make_api_call : 'PREPROCESSING'
2023-09-05 00:35:35,434 ERROR root ScriptRunner.scriptThread api_client.py make_api_call : 'PREPROCESSING'
2023-09-05 00:35:35,434 ERROR root ScriptRunner.scriptThread api_client.py make_api_call : 'PREPROCESSING'
2023-09-05 00:35:35,434 ERROR root ScriptRunner.scriptThread api_client.py make_api_call : 'PREPROCESSING'
2023-09-05 00:35:35,434 ERROR root ScriptRunner.scriptThread api_client.py make_api_call : 'PREPROCESSING'
2023-09-05 00:35:35,434 ERROR root ScriptRunner.scriptThread api_client.py make_api_call : 'PREPROCESSING'
2023-09-05 00:35:35,630 ERROR root ScriptRunner.scriptThread api_client.py make_api_call : 'PREPROCESSING'
2023-09-05 00:35:35,630 ERROR root ScriptRunner.scriptThread api_client.py make_api_call : 'PREPROCESSING'
2023-09-05 00:35:35,630 ERROR root ScriptRunner.scriptThread api_client.py make_api_call : 'PREPROCESSING'
2023-09-05 00:35:35,630 ERROR root ScriptRunner.scriptThread api_client.py make_api_call : 'PREPROCESSING'
2023-09-05 00:35:35,630 ERROR root ScriptRunner.scriptThread api_client.py make_api_call : 'PREPROCESSING'
2023-09-05 00:35:35,823 ERROR root ScriptRunner.scriptThread api_client.py make_api_call : 'PREPROCESSING'
2023-09-05 00:35:35,823 ERROR root ScriptRunner.scriptThread api_client.py make_api_call : 'PREPROCESSING'
2023-09-05 00:35:35,823 ERROR root ScriptRunner.scriptThread api_client.py make_api_call : 'PREPROCESSING'
2023-09-05 00:35:35,823 ERROR root ScriptRunner.scriptThread api_client.py make_api_call : 'PREPROCESSING'
2023-09-05 00:35:35,823 ERROR root ScriptRunner.scriptThread api_client.py make_api_call : 'PREPROCESSING'
2023-09-05 00:35:35,990 ERROR root ScriptRunner.scriptThread api_client.py make_api_call : 'PREPROCESSING'
2023-09-05 00:35:35,990 ERROR root ScriptRunner.scriptThread api_client.py make_api_call : 'PREPROCESSING'
2023-09-05 00:35:35,990 ERROR root ScriptRunner.scriptThread api_client.py make_api_call : 'PREPROCESSING'
2023-09-05 00:35:35,990 ERROR root ScriptRunner.scriptThread api_client.py make_api_call : 'PREPROCESSING'
2023-09-05 00:35:35,990 ERROR root ScriptRunner.scriptThread api_client.py make_api_call : 'PREPROCESSING'
2023-09-05 00:35:36,187 ERROR root ScriptRunner.scriptThread api_client.py make_api_call : 'PREPROCESSING'
2023-09-05 00:35:36,187 ERROR root ScriptRunner.scriptThread api_client.py make_api_call : 'PREPROCESSING'
2023-09-05 00:35:36,187 ERROR root ScriptRunner.scriptThread api_client.py make_api_call : 'PREPROCESSING'
2023-09-05 00:35:36,187 ERROR root ScriptRunner.scriptThread api_client.py make_api_call : 'PREPROCESSING'
2023-09-05 00:35:36,187 ERROR root ScriptRunner.scriptThread api_client.py make_api_call : 'PREPROCESSING'
2023-09-05 00:35:38,421 ERROR root ScriptRunner.scriptThread api_client.py make_api_call : 'PREPROCESSING'
2023-09-05 00:35:38,421 ERROR root ScriptRunner.scriptThread api_client.py make_api_call : 'PREPROCESSING'
2023-09-05 00:35:38,421 ERROR root ScriptRunner.scriptThread api_client.py make_api_call : 'PREPROCESSING'
2023-09-05 00:35:38,421 ERROR root ScriptRunner.scriptThread api_client.py make_api_call : 'PREPROCESSING'
2023-09-05 00:35:38,421 ERROR root ScriptRunner.scriptThread api_client.py make_api_call : 'PREPROCESSING'
2023-09-05 00:35:38,926 ERROR root ScriptRunner.scriptThread api_client.py make_api_call : 'PREPROCESSING'
2023-09-05 00:35:38,926 ERROR root ScriptRunner.scriptThread api_client.py make_api_call : 'PREPROCESSING'
2023-09-05 00:35:38,926 ERROR root ScriptRunner.scriptThread api_client.py make_api_call : 'PREPROCESSING'
2023-09-05 00:35:38,926 ERROR root ScriptRunner.scriptThread api_client.py make_api_call : 'PREPROCESSING'
2023-09-05 00:35:38,926 ERROR root ScriptRunner.scriptThread api_client.py make_api_call : 'PREPROCESSING'
2023-09-05 00:36:28,319 ERROR root ScriptRunner.scriptThread api_client.py make_api_call : 'PREPROCESSING'
2023-09-05 00:36:28,319 ERROR root ScriptRunner.scriptThread api_client.py make_api_call : 'PREPROCESSING'
2023-09-05 00:36:28,319 ERROR root ScriptRunner.scriptThread api_client.py make_api_call : 'PREPROCESSING'
2023-09-05 00:36:28,319 ERROR root ScriptRunner.scriptThread api_client.py make_api_call : 'PREPROCESSING'
2023-09-05 00:36:28,319 ERROR root ScriptRunner.scriptThread api_client.py make_api_call : 'PREPROCESSING'
2023-09-05 00:36:28,319 ERROR root ScriptRunner.scriptThread api_client.py make_api_call : 'PREPROCESSING'
2023-09-05 00:36:29,192 ERROR root ScriptRunner.scriptThread api_client.py make_api_call : 'PREPROCESSING'
2023-09-05 00:36:29,192 ERROR root ScriptRunner.scriptThread api_client.py make_api_call : 'PREPROCESSING'
2023-09-05 00:36:29,192 ERROR root ScriptRunner.scriptThread api_client.py make_api_call : 'PREPROCESSING'
2023-09-05 00:36:29,192 ERROR root ScriptRunner.scriptThread api_client.py make_api_call : 'PREPROCESSING'
2023-09-05 00:36:29,192 ERROR root ScriptRunner.scriptThread api_client.py make_api_call : 'PREPROCESSING'
2023-09-05 00:36:29,192 ERROR root ScriptRunner.scriptThread api_client.py make_api_call : 'PREPROCESSING'
2023-09-05 00:36:29,487 ERROR root ScriptRunner.scriptThread api_client.py make_api_call : 'PREPROCESSING'
2023-09-05 00:36:29,487 ERROR root ScriptRunner.scriptThread api_client.py make_api_call : 'PREPROCESSING'
2023-09-05 00:36:29,487 ERROR root ScriptRunner.scriptThread api_client.py make_api_call : 'PREPROCESSING'
2023-09-05 00:36:29,487 ERROR root ScriptRunner.scriptThread api_client.py make_api_call : 'PREPROCESSING'
2023-09-05 00:36:29,487 ERROR root ScriptRunner.scriptThread api_client.py make_api_call : 'PREPROCESSING'
2023-09-05 00:36:29,487 ERROR root ScriptRunner.scriptThread api_client.py make_api_call : 'PREPROCESSING'
2023-09-05 00:36:29,692 ERROR root ScriptRunner.scriptThread api_client.py make_api_call : 'PREPROCESSING'
2023-09-05 00:36:29,692 ERROR root ScriptRunner.scriptThread api_client.py make_api_call : 'PREPROCESSING'
2023-09-05 00:36:29,692 ERROR root ScriptRunner.scriptThread api_client.py make_api_call : 'PREPROCESSING'
2023-09-05 00:36:29,692 ERROR root ScriptRunner.scriptThread api_client.py make_api_call : 'PREPROCESSING'
2023-09-05 00:36:29,692 ERROR root ScriptRunner.scriptThread api_client.py make_api_call : 'PREPROCESSING'
2023-09-05 00:36:29,692 ERROR root ScriptRunner.scriptThread api_client.py make_api_call : 'PREPROCESSING'
2023-09-05 00:36:29,887 ERROR root ScriptRunner.scriptThread api_client.py make_api_call : 'PREPROCESSING'
2023-09-05 00:36:29,887 ERROR root ScriptRunner.scriptThread api_client.py make_api_call : 'PREPROCESSING'
2023-09-05 00:36:29,887 ERROR root ScriptRunner.scriptThread api_client.py make_api_call : 'PREPROCESSING'
2023-09-05 00:36:29,887 ERROR root ScriptRunner.scriptThread api_client.py make_api_call : 'PREPROCESSING'
2023-09-05 00:36:29,887 ERROR root ScriptRunner.scriptThread api_client.py make_api_call : 'PREPROCESSING'
2023-09-05 00:36:29,887 ERROR root ScriptRunner.scriptThread api_client.py make_api_call : 'PREPROCESSING'
2023-09-05 00:36:30,084 ERROR root ScriptRunner.scriptThread api_client.py make_api_call : 'PREPROCESSING'
2023-09-05 00:36:30,084 ERROR root ScriptRunner.scriptThread api_client.py make_api_call : 'PREPROCESSING'
2023-09-05 00:36:30,084 ERROR root ScriptRunner.scriptThread api_client.py make_api_call : 'PREPROCESSING'
2023-09-05 00:36:30,084 ERROR root ScriptRunner.scriptThread api_client.py make_api_call : 'PREPROCESSING'
2023-09-05 00:36:30,084 ERROR root ScriptRunner.scriptThread api_client.py make_api_call : 'PREPROCESSING'
2023-09-05 00:36:30,084 ERROR root ScriptRunner.scriptThread api_client.py make_api_call : 'PREPROCESSING'
2023-09-05 00:36:30,278 ERROR root ScriptRunner.scriptThread api_client.py make_api_call : 'PREPROCESSING'
2023-09-05 00:36:30,278 ERROR root ScriptRunner.scriptThread api_client.py make_api_call : 'PREPROCESSING'
2023-09-05 00:36:30,278 ERROR root ScriptRunner.scriptThread api_client.py make_api_call : 'PREPROCESSING'
2023-09-05 00:36:30,278 ERROR root ScriptRunner.scriptThread api_client.py make_api_call : 'PREPROCESSING'
2023-09-05 00:36:30,278 ERROR root ScriptRunner.scriptThread api_client.py make_api_call : 'PREPROCESSING'
2023-09-05 00:36:30,278 ERROR root ScriptRunner.scriptThread api_client.py make_api_call : 'PREPROCESSING'
2023-09-05 00:36:30,445 ERROR root ScriptRunner.scriptThread api_client.py make_api_call : 'PREPROCESSING'
2023-09-05 00:36:30,445 ERROR root ScriptRunner.scriptThread api_client.py make_api_call : 'PREPROCESSING'
2023-09-05 00:36:30,445 ERROR root ScriptRunner.scriptThread api_client.py make_api_call : 'PREPROCESSING'
2023-09-05 00:36:30,445 ERROR root ScriptRunner.scriptThread api_client.py make_api_call : 'PREPROCESSING'
2023-09-05 00:36:30,445 ERROR root ScriptRunner.scriptThread api_client.py make_api_call : 'PREPROCESSING'
2023-09-05 00:36:30,445 ERROR root ScriptRunner.scriptThread api_client.py make_api_call : 'PREPROCESSING'
2023-09-05 00:36:30,646 ERROR root ScriptRunner.scriptThread api_client.py make_api_call : 'PREPROCESSING'
2023-09-05 00:36:30,646 ERROR root ScriptRunner.scriptThread api_client.py make_api_call : 'PREPROCESSING'
2023-09-05 00:36:30,646 ERROR root ScriptRunner.scriptThread api_client.py make_api_call : 'PREPROCESSING'
2023-09-05 00:36:30,646 ERROR root ScriptRunner.scriptThread api_client.py make_api_call : 'PREPROCESSING'
2023-09-05 00:36:30,646 ERROR root ScriptRunner.scriptThread api_client.py make_api_call : 'PREPROCESSING'
2023-09-05 00:36:30,646 ERROR root ScriptRunner.scriptThread api_client.py make_api_call : 'PREPROCESSING'
2023-09-05 00:37:07,158 ERROR root ScriptRunner.scriptThread api_client.py make_api_call : 'PREPROCESSING'
2023-09-05 00:37:07,158 ERROR root ScriptRunner.scriptThread api_client.py make_api_call : 'PREPROCESSING'
2023-09-05 00:37:07,158 ERROR root ScriptRunner.scriptThread api_client.py make_api_call : 'PREPROCESSING'
2023-09-05 00:37:07,158 ERROR root ScriptRunner.scriptThread api_client.py make_api_call : 'PREPROCESSING'
2023-09-05 00:37:07,158 ERROR root ScriptRunner.scriptThread api_client.py make_api_call : 'PREPROCESSING'
2023-09-05 00:37:07,158 ERROR root ScriptRunner.scriptThread api_client.py make_api_call : 'PREPROCESSING'
2023-09-05 00:37:07,158 ERROR root ScriptRunner.scriptThread api_client.py make_api_call : 'PREPROCESSING'
2023-09-05 00:37:33,593 ERROR root ScriptRunner.scriptThread api_client.py make_api_call : 'PREPROCESSING'
2023-09-05 00:37:33,593 ERROR root ScriptRunner.scriptThread api_client.py make_api_call : 'PREPROCESSING'
2023-09-05 00:37:33,593 ERROR root ScriptRunner.scriptThread api_client.py make_api_call : 'PREPROCESSING'
2023-09-05 00:37:33,593 ERROR root ScriptRunner.scriptThread api_client.py make_api_call : 'PREPROCESSING'
2023-09-05 00:37:33,593 ERROR root ScriptRunner.scriptThread api_client.py make_api_call : 'PREPROCESSING'
2023-09-05 00:37:33,593 ERROR root ScriptRunner.scriptThread api_client.py make_api_call : 'PREPROCESSING'
2023-09-05 00:37:33,593 ERROR root ScriptRunner.scriptThread api_client.py make_api_call : 'PREPROCESSING'
2023-09-05 00:37:33,593 ERROR root ScriptRunner.scriptThread api_client.py make_api_call : 'PREPROCESSING'
2023-09-05 00:37:34,760 ERROR root ScriptRunner.scriptThread api_client.py make_api_call : 'PREPROCESSING'
2023-09-05 00:37:34,760 ERROR root ScriptRunner.scriptThread api_client.py make_api_call : 'PREPROCESSING'
2023-09-05 00:37:34,760 ERROR root ScriptRunner.scriptThread api_client.py make_api_call : 'PREPROCESSING'
2023-09-05 00:37:34,760 ERROR root ScriptRunner.scriptThread api_client.py make_api_call : 'PREPROCESSING'
2023-09-05 00:37:34,760 ERROR root ScriptRunner.scriptThread api_client.py make_api_call : 'PREPROCESSING'
2023-09-05 00:37:34,760 ERROR root ScriptRunner.scriptThread api_client.py make_api_call : 'PREPROCESSING'
2023-09-05 00:37:34,760 ERROR root ScriptRunner.scriptThread api_client.py make_api_call : 'PREPROCESSING'
2023-09-05 00:37:34,760 ERROR root ScriptRunner.scriptThread api_client.py make_api_call : 'PREPROCESSING'
2023-09-05 00:37:35,800 ERROR root ScriptRunner.scriptThread api_client.py make_api_call : 'PREPROCESSING'
2023-09-05 00:37:35,800 ERROR root ScriptRunner.scriptThread api_client.py make_api_call : 'PREPROCESSING'
2023-09-05 00:37:35,800 ERROR root ScriptRunner.scriptThread api_client.py make_api_call : 'PREPROCESSING'
2023-09-05 00:37:35,800 ERROR root ScriptRunner.scriptThread api_client.py make_api_call : 'PREPROCESSING'
2023-09-05 00:37:35,800 ERROR root ScriptRunner.scriptThread api_client.py make_api_call : 'PREPROCESSING'
2023-09-05 00:37:35,800 ERROR root ScriptRunner.scriptThread api_client.py make_api_call : 'PREPROCESSING'
2023-09-05 00:37:35,800 ERROR root ScriptRunner.scriptThread api_client.py make_api_call : 'PREPROCESSING'
2023-09-05 00:37:35,800 ERROR root ScriptRunner.scriptThread api_client.py make_api_call : 'PREPROCESSING'
2023-09-05 00:37:36,417 ERROR root ScriptRunner.scriptThread api_client.py make_api_call : 'PREPROCESSING'
2023-09-05 00:37:36,417 ERROR root ScriptRunner.scriptThread api_client.py make_api_call : 'PREPROCESSING'
2023-09-05 00:37:36,417 ERROR root ScriptRunner.scriptThread api_client.py make_api_call : 'PREPROCESSING'
2023-09-05 00:37:36,417 ERROR root ScriptRunner.scriptThread api_client.py make_api_call : 'PREPROCESSING'
2023-09-05 00:37:36,417 ERROR root ScriptRunner.scriptThread api_client.py make_api_call : 'PREPROCESSING'
2023-09-05 00:37:36,417 ERROR root ScriptRunner.scriptThread api_client.py make_api_call : 'PREPROCESSING'
2023-09-05 00:37:36,417 ERROR root ScriptRunner.scriptThread api_client.py make_api_call : 'PREPROCESSING'
2023-09-05 00:37:36,417 ERROR root ScriptRunner.scriptThread api_client.py make_api_call : 'PREPROCESSING'
2023-09-05 00:37:36,942 ERROR root ScriptRunner.scriptThread api_client.py make_api_call : 'PREPROCESSING'
2023-09-05 00:37:36,942 ERROR root ScriptRunner.scriptThread api_client.py make_api_call : 'PREPROCESSING'
2023-09-05 00:37:36,942 ERROR root ScriptRunner.scriptThread api_client.py make_api_call : 'PREPROCESSING'
2023-09-05 00:37:36,942 ERROR root ScriptRunner.scriptThread api_client.py make_api_call : 'PREPROCESSING'
2023-09-05 00:37:36,942 ERROR root ScriptRunner.scriptThread api_client.py make_api_call : 'PREPROCESSING'
2023-09-05 00:37:36,942 ERROR root ScriptRunner.scriptThread api_client.py make_api_call : 'PREPROCESSING'
2023-09-05 00:37:36,942 ERROR root ScriptRunner.scriptThread api_client.py make_api_call : 'PREPROCESSING'
2023-09-05 00:37:36,942 ERROR root ScriptRunner.scriptThread api_client.py make_api_call : 'PREPROCESSING'
2023-09-05 00:37:37,226 ERROR root ScriptRunner.scriptThread api_client.py make_api_call : 'PREPROCESSING'
2023-09-05 00:37:37,226 ERROR root ScriptRunner.scriptThread api_client.py make_api_call : 'PREPROCESSING'
2023-09-05 00:37:37,226 ERROR root ScriptRunner.scriptThread api_client.py make_api_call : 'PREPROCESSING'
2023-09-05 00:37:37,226 ERROR root ScriptRunner.scriptThread api_client.py make_api_call : 'PREPROCESSING'
2023-09-05 00:37:37,226 ERROR root ScriptRunner.scriptThread api_client.py make_api_call : 'PREPROCESSING'
2023-09-05 00:37:37,226 ERROR root ScriptRunner.scriptThread api_client.py make_api_call : 'PREPROCESSING'
2023-09-05 00:37:37,226 ERROR root ScriptRunner.scriptThread api_client.py make_api_call : 'PREPROCESSING'
2023-09-05 00:37:37,226 ERROR root ScriptRunner.scriptThread api_client.py make_api_call : 'PREPROCESSING'
2023-09-05 00:37:37,439 ERROR root ScriptRunner.scriptThread api_client.py make_api_call : 'PREPROCESSING'
2023-09-05 00:37:37,439 ERROR root ScriptRunner.scriptThread api_client.py make_api_call : 'PREPROCESSING'
2023-09-05 00:37:37,439 ERROR root ScriptRunner.scriptThread api_client.py make_api_call : 'PREPROCESSING'
2023-09-05 00:37:37,439 ERROR root ScriptRunner.scriptThread api_client.py make_api_call : 'PREPROCESSING'
2023-09-05 00:37:37,439 ERROR root ScriptRunner.scriptThread api_client.py make_api_call : 'PREPROCESSING'
2023-09-05 00:37:37,439 ERROR root ScriptRunner.scriptThread api_client.py make_api_call : 'PREPROCESSING'
2023-09-05 00:37:37,439 ERROR root ScriptRunner.scriptThread api_client.py make_api_call : 'PREPROCESSING'
2023-09-05 00:37:37,439 ERROR root ScriptRunner.scriptThread api_client.py make_api_call : 'PREPROCESSING'
2023-09-05 00:37:37,630 ERROR root ScriptRunner.scriptThread api_client.py make_api_call : 'PREPROCESSING'
2023-09-05 00:37:37,630 ERROR root ScriptRunner.scriptThread api_client.py make_api_call : 'PREPROCESSING'
2023-09-05 00:37:37,630 ERROR root ScriptRunner.scriptThread api_client.py make_api_call : 'PREPROCESSING'
2023-09-05 00:37:37,630 ERROR root ScriptRunner.scriptThread api_client.py make_api_call : 'PREPROCESSING'
2023-09-05 00:37:37,630 ERROR root ScriptRunner.scriptThread api_client.py make_api_call : 'PREPROCESSING'
2023-09-05 00:37:37,630 ERROR root ScriptRunner.scriptThread api_client.py make_api_call : 'PREPROCESSING'
2023-09-05 00:37:37,630 ERROR root ScriptRunner.scriptThread api_client.py make_api_call : 'PREPROCESSING'
2023-09-05 00:37:37,630 ERROR root ScriptRunner.scriptThread api_client.py make_api_call : 'PREPROCESSING'
2023-09-05 00:37:37,823 ERROR root ScriptRunner.scriptThread api_client.py make_api_call : 'PREPROCESSING'
2023-09-05 00:37:37,823 ERROR root ScriptRunner.scriptThread api_client.py make_api_call : 'PREPROCESSING'
2023-09-05 00:37:37,823 ERROR root ScriptRunner.scriptThread api_client.py make_api_call : 'PREPROCESSING'
2023-09-05 00:37:37,823 ERROR root ScriptRunner.scriptThread api_client.py make_api_call : 'PREPROCESSING'
2023-09-05 00:37:37,823 ERROR root ScriptRunner.scriptThread api_client.py make_api_call : 'PREPROCESSING'
2023-09-05 00:37:37,823 ERROR root ScriptRunner.scriptThread api_client.py make_api_call : 'PREPROCESSING'
2023-09-05 00:37:37,823 ERROR root ScriptRunner.scriptThread api_client.py make_api_call : 'PREPROCESSING'
2023-09-05 00:37:37,823 ERROR root ScriptRunner.scriptThread api_client.py make_api_call : 'PREPROCESSING'
2023-09-05 00:37:38,010 ERROR root ScriptRunner.scriptThread api_client.py make_api_call : 'PREPROCESSING'
2023-09-05 00:37:38,010 ERROR root ScriptRunner.scriptThread api_client.py make_api_call : 'PREPROCESSING'
2023-09-05 00:37:38,010 ERROR root ScriptRunner.scriptThread api_client.py make_api_call : 'PREPROCESSING'
2023-09-05 00:37:38,010 ERROR root ScriptRunner.scriptThread api_client.py make_api_call : 'PREPROCESSING'
2023-09-05 00:37:38,010 ERROR root ScriptRunner.scriptThread api_client.py make_api_call : 'PREPROCESSING'
2023-09-05 00:37:38,010 ERROR root ScriptRunner.scriptThread api_client.py make_api_call : 'PREPROCESSING'
2023-09-05 00:37:38,010 ERROR root ScriptRunner.scriptThread api_client.py make_api_call : 'PREPROCESSING'
2023-09-05 00:37:38,010 ERROR root ScriptRunner.scriptThread api_client.py make_api_call : 'PREPROCESSING'
2023-09-05 00:37:38,200 ERROR root ScriptRunner.scriptThread api_client.py make_api_call : 'PREPROCESSING'
2023-09-05 00:37:38,200 ERROR root ScriptRunner.scriptThread api_client.py make_api_call : 'PREPROCESSING'
2023-09-05 00:37:38,200 ERROR root ScriptRunner.scriptThread api_client.py make_api_call : 'PREPROCESSING'
2023-09-05 00:37:38,200 ERROR root ScriptRunner.scriptThread api_client.py make_api_call : 'PREPROCESSING'
2023-09-05 00:37:38,200 ERROR root ScriptRunner.scriptThread api_client.py make_api_call : 'PREPROCESSING'
2023-09-05 00:37:38,200 ERROR root ScriptRunner.scriptThread api_client.py make_api_call : 'PREPROCESSING'
2023-09-05 00:37:38,200 ERROR root ScriptRunner.scriptThread api_client.py make_api_call : 'PREPROCESSING'
2023-09-05 00:37:38,200 ERROR root ScriptRunner.scriptThread api_client.py make_api_call : 'PREPROCESSING'
2023-09-05 00:37:38,434 ERROR root ScriptRunner.scriptThread api_client.py make_api_call : 'PREPROCESSING'
2023-09-05 00:37:38,434 ERROR root ScriptRunner.scriptThread api_client.py make_api_call : 'PREPROCESSING'
2023-09-05 00:37:38,434 ERROR root ScriptRunner.scriptThread api_client.py make_api_call : 'PREPROCESSING'
2023-09-05 00:37:38,434 ERROR root ScriptRunner.scriptThread api_client.py make_api_call : 'PREPROCESSING'
2023-09-05 00:37:38,434 ERROR root ScriptRunner.scriptThread api_client.py make_api_call : 'PREPROCESSING'
2023-09-05 00:37:38,434 ERROR root ScriptRunner.scriptThread api_client.py make_api_call : 'PREPROCESSING'
2023-09-05 00:37:38,434 ERROR root ScriptRunner.scriptThread api_client.py make_api_call : 'PREPROCESSING'
2023-09-05 00:37:38,434 ERROR root ScriptRunner.scriptThread api_client.py make_api_call : 'PREPROCESSING'
2023-09-05 00:37:38,766 ERROR root ScriptRunner.scriptThread api_client.py make_api_call : 'PREPROCESSING'
2023-09-05 00:37:38,766 ERROR root ScriptRunner.scriptThread api_client.py make_api_call : 'PREPROCESSING'
2023-09-05 00:37:38,766 ERROR root ScriptRunner.scriptThread api_client.py make_api_call : 'PREPROCESSING'
2023-09-05 00:37:38,766 ERROR root ScriptRunner.scriptThread api_client.py make_api_call : 'PREPROCESSING'
2023-09-05 00:37:38,766 ERROR root ScriptRunner.scriptThread api_client.py make_api_call : 'PREPROCESSING'
2023-09-05 00:37:38,766 ERROR root ScriptRunner.scriptThread api_client.py make_api_call : 'PREPROCESSING'
2023-09-05 00:37:38,766 ERROR root ScriptRunner.scriptThread api_client.py make_api_call : 'PREPROCESSING'
2023-09-05 00:37:38,766 ERROR root ScriptRunner.scriptThread api_client.py make_api_call : 'PREPROCESSING'
2023-09-05 00:37:39,184 ERROR root ScriptRunner.scriptThread api_client.py make_api_call : 'PREPROCESSING'
2023-09-05 00:37:39,184 ERROR root ScriptRunner.scriptThread api_client.py make_api_call : 'PREPROCESSING'
2023-09-05 00:37:39,184 ERROR root ScriptRunner.scriptThread api_client.py make_api_call : 'PREPROCESSING'
2023-09-05 00:37:39,184 ERROR root ScriptRunner.scriptThread api_client.py make_api_call : 'PREPROCESSING'
2023-09-05 00:37:39,184 ERROR root ScriptRunner.scriptThread api_client.py make_api_call : 'PREPROCESSING'
2023-09-05 00:37:39,184 ERROR root ScriptRunner.scriptThread api_client.py make_api_call : 'PREPROCESSING'
2023-09-05 00:37:39,184 ERROR root ScriptRunner.scriptThread api_client.py make_api_call : 'PREPROCESSING'
2023-09-05 00:37:39,184 ERROR root ScriptRunner.scriptThread api_client.py make_api_call : 'PREPROCESSING'
2023-09-05 00:38:10,832 ERROR root ScriptRunner.scriptThread api_client.py make_api_call : 'PREPROCESSING'
2023-09-05 00:38:10,832 ERROR root ScriptRunner.scriptThread api_client.py make_api_call : 'PREPROCESSING'
2023-09-05 00:38:10,832 ERROR root ScriptRunner.scriptThread api_client.py make_api_call : 'PREPROCESSING'
2023-09-05 00:38:10,832 ERROR root ScriptRunner.scriptThread api_client.py make_api_call : 'PREPROCESSING'
2023-09-05 00:38:10,832 ERROR root ScriptRunner.scriptThread api_client.py make_api_call : 'PREPROCESSING'
2023-09-05 00:38:10,832 ERROR root ScriptRunner.scriptThread api_client.py make_api_call : 'PREPROCESSING'
2023-09-05 00:38:10,832 ERROR root ScriptRunner.scriptThread api_client.py make_api_call : 'PREPROCESSING'
2023-09-05 00:38:10,832 ERROR root ScriptRunner.scriptThread api_client.py make_api_call : 'PREPROCESSING'
2023-09-05 00:38:10,832 ERROR root ScriptRunner.scriptThread api_client.py make_api_call : 'PREPROCESSING'
2023-09-05 00:38:14,706 ERROR root ScriptRunner.scriptThread api_client.py make_api_call : 'PREPROCESSING'
2023-09-05 00:38:14,706 ERROR root ScriptRunner.scriptThread api_client.py make_api_call : 'PREPROCESSING'
2023-09-05 00:38:14,706 ERROR root ScriptRunner.scriptThread api_client.py make_api_call : 'PREPROCESSING'
2023-09-05 00:38:14,706 ERROR root ScriptRunner.scriptThread api_client.py make_api_call : 'PREPROCESSING'
2023-09-05 00:38:14,706 ERROR root ScriptRunner.scriptThread api_client.py make_api_call : 'PREPROCESSING'
2023-09-05 00:38:14,706 ERROR root ScriptRunner.scriptThread api_client.py make_api_call : 'PREPROCESSING'
2023-09-05 00:38:14,706 ERROR root ScriptRunner.scriptThread api_client.py make_api_call : 'PREPROCESSING'
2023-09-05 00:38:14,706 ERROR root ScriptRunner.scriptThread api_client.py make_api_call : 'PREPROCESSING'
2023-09-05 00:38:14,706 ERROR root ScriptRunner.scriptThread api_client.py make_api_call : 'PREPROCESSING'
2023-09-05 00:38:18,057 ERROR root ScriptRunner.scriptThread api_client.py make_api_call : 'PREPROCESSING'
2023-09-05 00:38:18,057 ERROR root ScriptRunner.scriptThread api_client.py make_api_call : 'PREPROCESSING'
2023-09-05 00:38:18,057 ERROR root ScriptRunner.scriptThread api_client.py make_api_call : 'PREPROCESSING'
2023-09-05 00:38:18,057 ERROR root ScriptRunner.scriptThread api_client.py make_api_call : 'PREPROCESSING'
2023-09-05 00:38:18,057 ERROR root ScriptRunner.scriptThread api_client.py make_api_call : 'PREPROCESSING'
2023-09-05 00:38:18,057 ERROR root ScriptRunner.scriptThread api_client.py make_api_call : 'PREPROCESSING'
2023-09-05 00:38:18,057 ERROR root ScriptRunner.scriptThread api_client.py make_api_call : 'PREPROCESSING'
2023-09-05 00:38:18,057 ERROR root ScriptRunner.scriptThread api_client.py make_api_call : 'PREPROCESSING'
2023-09-05 00:38:18,057 ERROR root ScriptRunner.scriptThread api_client.py make_api_call : 'PREPROCESSING'
2023-09-05 00:38:18,610 ERROR root ScriptRunner.scriptThread api_client.py make_api_call : 'PREPROCESSING'
2023-09-05 00:38:18,610 ERROR root ScriptRunner.scriptThread api_client.py make_api_call : 'PREPROCESSING'
2023-09-05 00:38:18,610 ERROR root ScriptRunner.scriptThread api_client.py make_api_call : 'PREPROCESSING'
2023-09-05 00:38:18,610 ERROR root ScriptRunner.scriptThread api_client.py make_api_call : 'PREPROCESSING'
2023-09-05 00:38:18,610 ERROR root ScriptRunner.scriptThread api_client.py make_api_call : 'PREPROCESSING'
2023-09-05 00:38:18,610 ERROR root ScriptRunner.scriptThread api_client.py make_api_call : 'PREPROCESSING'
2023-09-05 00:38:18,610 ERROR root ScriptRunner.scriptThread api_client.py make_api_call : 'PREPROCESSING'
2023-09-05 00:38:18,610 ERROR root ScriptRunner.scriptThread api_client.py make_api_call : 'PREPROCESSING'
2023-09-05 00:38:18,610 ERROR root ScriptRunner.scriptThread api_client.py make_api_call : 'PREPROCESSING'
2023-09-05 00:38:18,791 ERROR root ScriptRunner.scriptThread api_client.py make_api_call : 'PREPROCESSING'
2023-09-05 00:38:18,791 ERROR root ScriptRunner.scriptThread api_client.py make_api_call : 'PREPROCESSING'
2023-09-05 00:38:18,791 ERROR root ScriptRunner.scriptThread api_client.py make_api_call : 'PREPROCESSING'
2023-09-05 00:38:18,791 ERROR root ScriptRunner.scriptThread api_client.py make_api_call : 'PREPROCESSING'
2023-09-05 00:38:18,791 ERROR root ScriptRunner.scriptThread api_client.py make_api_call : 'PREPROCESSING'
2023-09-05 00:38:18,791 ERROR root ScriptRunner.scriptThread api_client.py make_api_call : 'PREPROCESSING'
2023-09-05 00:38:18,791 ERROR root ScriptRunner.scriptThread api_client.py make_api_call : 'PREPROCESSING'
2023-09-05 00:38:18,791 ERROR root ScriptRunner.scriptThread api_client.py make_api_call : 'PREPROCESSING'
2023-09-05 00:38:18,791 ERROR root ScriptRunner.scriptThread api_client.py make_api_call : 'PREPROCESSING'
2023-09-05 00:38:18,974 ERROR root ScriptRunner.scriptThread api_client.py make_api_call : 'PREPROCESSING'
2023-09-05 00:38:18,974 ERROR root ScriptRunner.scriptThread api_client.py make_api_call : 'PREPROCESSING'
2023-09-05 00:38:18,974 ERROR root ScriptRunner.scriptThread api_client.py make_api_call : 'PREPROCESSING'
2023-09-05 00:38:18,974 ERROR root ScriptRunner.scriptThread api_client.py make_api_call : 'PREPROCESSING'
2023-09-05 00:38:18,974 ERROR root ScriptRunner.scriptThread api_client.py make_api_call : 'PREPROCESSING'
2023-09-05 00:38:18,974 ERROR root ScriptRunner.scriptThread api_client.py make_api_call : 'PREPROCESSING'
2023-09-05 00:38:18,974 ERROR root ScriptRunner.scriptThread api_client.py make_api_call : 'PREPROCESSING'
2023-09-05 00:38:18,974 ERROR root ScriptRunner.scriptThread api_client.py make_api_call : 'PREPROCESSING'
2023-09-05 00:38:18,974 ERROR root ScriptRunner.scriptThread api_client.py make_api_call : 'PREPROCESSING'
2023-09-05 00:38:19,139 ERROR root ScriptRunner.scriptThread api_client.py make_api_call : 'PREPROCESSING'
2023-09-05 00:38:19,139 ERROR root ScriptRunner.scriptThread api_client.py make_api_call : 'PREPROCESSING'
2023-09-05 00:38:19,139 ERROR root ScriptRunner.scriptThread api_client.py make_api_call : 'PREPROCESSING'
2023-09-05 00:38:19,139 ERROR root ScriptRunner.scriptThread api_client.py make_api_call : 'PREPROCESSING'
2023-09-05 00:38:19,139 ERROR root ScriptRunner.scriptThread api_client.py make_api_call : 'PREPROCESSING'
2023-09-05 00:38:19,139 ERROR root ScriptRunner.scriptThread api_client.py make_api_call : 'PREPROCESSING'
2023-09-05 00:38:19,139 ERROR root ScriptRunner.scriptThread api_client.py make_api_call : 'PREPROCESSING'
2023-09-05 00:38:19,139 ERROR root ScriptRunner.scriptThread api_client.py make_api_call : 'PREPROCESSING'
2023-09-05 00:38:19,139 ERROR root ScriptRunner.scriptThread api_client.py make_api_call : 'PREPROCESSING'
2023-09-05 00:38:36,930 ERROR root ScriptRunner.scriptThread api_client.py make_api_call : 'PREPROCESSING'
2023-09-05 00:38:36,930 ERROR root ScriptRunner.scriptThread api_client.py make_api_call : 'PREPROCESSING'
2023-09-05 00:38:36,930 ERROR root ScriptRunner.scriptThread api_client.py make_api_call : 'PREPROCESSING'
2023-09-05 00:38:36,930 ERROR root ScriptRunner.scriptThread api_client.py make_api_call : 'PREPROCESSING'
2023-09-05 00:38:36,930 ERROR root ScriptRunner.scriptThread api_client.py make_api_call : 'PREPROCESSING'
2023-09-05 00:38:36,930 ERROR root ScriptRunner.scriptThread api_client.py make_api_call : 'PREPROCESSING'
2023-09-05 00:38:36,930 ERROR root ScriptRunner.scriptThread api_client.py make_api_call : 'PREPROCESSING'
2023-09-05 00:38:36,930 ERROR root ScriptRunner.scriptThread api_client.py make_api_call : 'PREPROCESSING'
2023-09-05 00:38:36,930 ERROR root ScriptRunner.scriptThread api_client.py make_api_call : 'PREPROCESSING'
2023-09-05 00:38:36,930 ERROR root ScriptRunner.scriptThread api_client.py make_api_call : 'PREPROCESSING'
2023-09-05 00:43:26,865 ERROR root ScriptRunner.scriptThread api_client.py make_api_call : Error making API call: HTTPConnectionPool(host='apis', port=8080): Max retries exceeded with url: /preprocessing/ (Caused by NameResolutionError("<urllib3.connection.HTTPConnection object at 0x7f8be4267310>: Failed to resolve 'apis' ([Errno -3] Temporary failure in name resolution)"))
2023-09-05 00:44:06,526 ERROR root ScriptRunner.scriptThread api_client.py make_api_call : 'STREAMERS'
2023-09-05 00:44:08,079 ERROR root ScriptRunner.scriptThread api_client.py make_api_call : 'STREAMERS'
2023-09-05 00:44:08,310 ERROR root ScriptRunner.scriptThread api_client.py make_api_call : 'STREAMERS'
2023-09-05 00:44:08,523 ERROR root ScriptRunner.scriptThread api_client.py make_api_call : 'STREAMERS'
2023-09-05 00:44:08,808 ERROR root ScriptRunner.scriptThread api_client.py make_api_call : 'STREAMERS'
2023-09-05 00:44:09,066 ERROR root ScriptRunner.scriptThread api_client.py make_api_call : 'STREAMERS'
2023-09-05 15:03:32,136 ERROR root ScriptRunner.scriptThread api_client.py make_api_call : Error making API call: HTTPConnectionPool(host='energizer', port=8080): Max retries exceeded with url: /preprocessing/ (Caused by NewConnectionError('<urllib3.connection.HTTPConnection object at 0x7f06a3332310>: Failed to establish a new connection: [Errno 111] Connection refused'))
2023-09-05 15:12:09,628 ERROR root ScriptRunner.scriptThread api_client.py make_api_call : 'WebSocket_streaming_address'
2023-09-05 15:12:36,430 ERROR root ScriptRunner.scriptThread api_client.py make_api_call : 'WebSocket_streaming_address'
2023-09-05 18:01:11,917 ERROR root ScriptRunner.scriptThread api_client.py make_api_call : Error making API call: HTTPConnectionPool(host='apis', port=8080): Max retries exceeded with url: /inference/predict (Caused by NameResolutionError("<urllib3.connection.HTTPConnection object at 0x7fea7aa82460>: Failed to resolve 'apis' ([Errno -3] Temporary failure in name resolution)"))
2023-09-05 18:01:13,365 ERROR root ScriptRunner.scriptThread api_client.py make_api_call : Error making API call: HTTPConnectionPool(host='apis', port=8080): Max retries exceeded with url: /inference/predict (Caused by NameResolutionError("<urllib3.connection.HTTPConnection object at 0x7fea7aa82d30>: Failed to resolve 'apis' ([Errno -3] Temporary failure in name resolution)"))
2023-09-05 18:01:14,717 ERROR root ScriptRunner.scriptThread api_client.py make_api_call : Error making API call: HTTPConnectionPool(host='apis', port=8080): Max retries exceeded with url: /inference/predict (Caused by NameResolutionError("<urllib3.connection.HTTPConnection object at 0x7fea7aa82e20>: Failed to resolve 'apis' ([Errno -3] Temporary failure in name resolution)"))
2023-09-05 18:01:17,760 ERROR root ScriptRunner.scriptThread api_client.py make_api_call : Error making API call: HTTPConnectionPool(host='apis', port=8080): Max retries exceeded with url: /preprocessing/ (Caused by NameResolutionError("<urllib3.connection.HTTPConnection object at 0x7fea7ab9aa00>: Failed to resolve 'apis' ([Errno -3] Temporary failure in name resolution)"))
2023-09-05 18:11:49,935 ERROR root ScriptRunner.scriptThread api_client.py make_api_call : 'WebSocket_streaming_address'
2023-09-05 18:16:49,313 ERROR root ScriptRunner.scriptThread api_client.py make_api_call : 'map'
2023-09-05 18:57:26,094 ERROR root ScriptRunner.scriptThread api_client.py make_api_call : Error making API call: HTTPConnectionPool(host='10.0.1.3', port=8080): Max retries exceeded with url: /inference/predict (Caused by NewConnectionError('<urllib3.connection.HTTPConnection object at 0x7fab4072d190>: Failed to establish a new connection: [Errno 111] Connection refused'))
